http://localhost:8080/: 2021-06-29T10:52:54+05:30 
http://localhost:8080/css/index.css: 2021-06-29T10:52:55+05:30 
http://localhost:8080/css/index-card.css: 2021-06-29T10:52:55+05:30 
http://localhost:8080/css/4'article_part.css: 2021-06-29T10:52:55+05:30 
http://localhost:8080/css/footer.css: 2021-06-29T10:52:55+05:30 
http://localhost:8080/css/mobile_nav.css: 2021-06-29T10:52:55+05:30 
http://localhost:8080/css/media_query.css: 2021-06-29T10:52:55+05:30 
http://localhost:8080/js/5'typewriter_style_text.js: 2021-06-29T10:52:55+05:30 
http://localhost:8080/images/fontimage.jpg: 2021-06-29T10:52:55+05:30 
http://localhost:8080/images/hamburger.jpg: 2021-06-29T10:52:55+05:30 
http://localhost:8080/images/logicbuild.jpg: 2021-06-29T10:52:55+05:30 
http://localhost:8080/images/Opensource.png: 2021-06-29T10:52:55+05:30 
http://localhost:8080/images/opensuse.png: 2021-06-29T10:52:55+05:30 
http://localhost:8080/images/opntec.png: 2021-06-29T10:52:55+05:30 
http://localhost:8080/images/Oracle.png: 2021-06-29T10:52:55+05:30 
http://localhost:8080/images/person%20(1).jpg: 2021-06-29T10:52:55+05:30 
http://localhost:8080/images/person%20(2).jpg: 2021-06-29T10:52:55+05:30 
http://localhost:8080/images/person%20(3).jpg: 2021-06-29T10:52:55+05:30 
http://localhost:8080/images/person%20(4).jpg: 2021-06-29T10:52:55+05:30 
http://localhost:8080/images/background.jpg: 2021-06-29T10:52:55+05:30 
http://localhost:8080/database/typicode: 2021-06-29T10:59:44+05:30 
http://localhost:8080/home: 2021-06-29T11:01:40+05:30 
http://localhost:8080/home: 2021-06-29T11:02:57+05:30 
http://localhost:8080/home: 2021-06-29T11:16:21+05:30 
http://localhost:8080/home: 2021-06-29T11:41:01+05:30 
http://localhost:8080/home: 2021-06-29T11:41:02+05:30 
http://localhost:8080/home: 2021-06-29T11:41:03+05:30 
http://localhost:8080/home: 2021-06-29T11:41:03+05:30 
http://localhost:8080/home: 2021-06-29T11:41:03+05:30 
http://localhost:8080/home: 2021-06-29T11:41:03+05:30 
http://localhost:8080/home: 2021-06-29T11:41:03+05:30 
http://localhost:8080/home: 2021-06-29T11:41:04+05:30 
http://localhost:8080/home: 2021-06-29T11:41:04+05:30 
http://localhost:8080/home: 2021-06-29T11:41:04+05:30 
http://localhost:8080/home: 2021-06-29T11:41:04+05:30 
http://localhost:8080/home: 2021-06-29T11:42:36+05:30 
http://localhost:8080/css/index.css: 2021-06-29T11:42:36+05:30 
http://localhost:8080/css/4'article_part.css: 2021-06-29T11:42:36+05:30 
http://localhost:8080/css/footer.css: 2021-06-29T11:42:36+05:30 
http://localhost:8080/css/index-card.css: 2021-06-29T11:42:36+05:30 
http://localhost:8080/js/5'typewriter_style_text.js: 2021-06-29T11:42:36+05:30 
http://localhost:8080/css/mobile_nav.css: 2021-06-29T11:42:36+05:30 
http://localhost:8080/css/media_query.css: 2021-06-29T11:42:36+05:30 
http://localhost:8080/images/fontimage.jpg: 2021-06-29T11:42:36+05:30 
http://localhost:8080/images/hamburger.jpg: 2021-06-29T11:42:36+05:30 
http://localhost:8080/images/logicbuild.jpg: 2021-06-29T11:42:36+05:30 
http://localhost:8080/images/Opensource.png: 2021-06-29T11:42:36+05:30 
http://localhost:8080/images/opensuse.png: 2021-06-29T11:42:36+05:30 
http://localhost:8080/images/opntec.png: 2021-06-29T11:42:36+05:30 
http://localhost:8080/images/Oracle.png: 2021-06-29T11:42:36+05:30 
http://localhost:8080/images/person%20(1).jpg: 2021-06-29T11:42:36+05:30 
http://localhost:8080/images/person%20(3).jpg: 2021-06-29T11:42:36+05:30 
http://localhost:8080/images/person%20(2).jpg: 2021-06-29T11:42:36+05:30 
http://localhost:8080/images/background.jpg: 2021-06-29T11:42:36+05:30 
http://localhost:8080/images/person%20(4).jpg: 2021-06-29T11:42:36+05:30 
http://localhost:8080/home: 2021-06-29T11:43:36+05:30 
http://localhost:8080/css/index.css: 2021-06-29T11:43:36+05:30 
http://localhost:8080/css/4'article_part.css: 2021-06-29T11:43:36+05:30 
http://localhost:8080/css/index-card.css: 2021-06-29T11:43:36+05:30 
http://localhost:8080/css/footer.css: 2021-06-29T11:43:36+05:30 
http://localhost:8080/css/mobile_nav.css: 2021-06-29T11:43:36+05:30 
http://localhost:8080/css/media_query.css: 2021-06-29T11:43:36+05:30 
http://localhost:8080/js/5'typewriter_style_text.js: 2021-06-29T11:43:36+05:30 
http://localhost:8080/images/fontimage.jpg: 2021-06-29T11:43:36+05:30 
http://localhost:8080/images/hamburger.jpg: 2021-06-29T11:43:36+05:30 
http://localhost:8080/images/logicbuild.jpg: 2021-06-29T11:43:36+05:30 
http://localhost:8080/images/Opensource.png: 2021-06-29T11:43:36+05:30 
http://localhost:8080/images/opensuse.png: 2021-06-29T11:43:36+05:30 
http://localhost:8080/images/opntec.png: 2021-06-29T11:43:36+05:30 
http://localhost:8080/images/Oracle.png: 2021-06-29T11:43:36+05:30 
http://localhost:8080/images/person%20(1).jpg: 2021-06-29T11:43:36+05:30 
http://localhost:8080/images/person%20(2).jpg: 2021-06-29T11:43:36+05:30 
http://localhost:8080/images/person%20(3).jpg: 2021-06-29T11:43:36+05:30 
http://localhost:8080/images/person%20(4).jpg: 2021-06-29T11:43:36+05:30 
http://localhost:8080/images/background.jpg: 2021-06-29T11:43:36+05:30 
http://localhost:8080/database/typicode/2: 2021-06-29T12:11:46+05:30 
http://localhost:8080/database/typicode/2: 2021-06-29T12:12:17+05:30 
http://localhost:8080/database/typicode/2: 2021-06-29T12:12:27+05:30 
http://localhost:8080/database/typicode/: 2021-06-29T12:12:32+05:30 
http://localhost:8080/database/typicode/6: 2021-06-29T12:12:38+05:30 
http://localhost:8080/database/typicode/6: 2021-06-29T12:13:33+05:30 
http://localhost:8080/database/typicode/6: 2021-06-29T12:13:34+05:30 
http://localhost:8080/database/typicode/6: 2021-06-29T12:13:35+05:30 
http://localhost:8080/database/typicode/6: 2021-06-29T12:13:35+05:30 
http://localhost:8080/database/typicode/6: 2021-06-29T12:13:35+05:30 
http://localhost:8080/database/typicode/6: 2021-06-29T12:14:10+05:30 
http://localhost:8080/database/typicode/6: 2021-06-29T12:25:43+05:30 
http://localhost:8080/database/typicode/600: 2021-06-29T12:25:47+05:30 
http://localhost:8080/database/typicode/10: 2021-06-29T12:26:07+05:30 
http://localhost:8080/database/typicode/100: 2021-06-29T12:26:14+05:30 
http://localhost:8080/: 2021-06-29T12:29:15+05:30 
http://localhost:8080/css/index.css: 2021-06-29T12:29:15+05:30 
http://localhost:8080/css/4'article_part.css: 2021-06-29T12:29:15+05:30 
http://localhost:8080/css/index-card.css: 2021-06-29T12:29:15+05:30 
http://localhost:8080/css/footer.css: 2021-06-29T12:29:15+05:30 
http://localhost:8080/css/mobile_nav.css: 2021-06-29T12:29:15+05:30 
http://localhost:8080/css/media_query.css: 2021-06-29T12:29:15+05:30 
http://localhost:8080/js/5'typewriter_style_text.js: 2021-06-29T12:29:15+05:30 
http://localhost:8080/images/hamburger.jpg: 2021-06-29T12:29:15+05:30 
http://localhost:8080/images/fontimage.jpg: 2021-06-29T12:29:15+05:30 
http://localhost:8080/images/logicbuild.jpg: 2021-06-29T12:29:15+05:30 
http://localhost:8080/images/Opensource.png: 2021-06-29T12:29:15+05:30 
http://localhost:8080/images/opensuse.png: 2021-06-29T12:29:15+05:30 
http://localhost:8080/images/opntec.png: 2021-06-29T12:29:15+05:30 
http://localhost:8080/images/Oracle.png: 2021-06-29T12:29:15+05:30 
http://localhost:8080/images/person%20(1).jpg: 2021-06-29T12:29:15+05:30 
http://localhost:8080/images/background.jpg: 2021-06-29T12:29:15+05:30 
http://localhost:8080/images/person%20(2).jpg: 2021-06-29T12:29:15+05:30 
http://localhost:8080/images/person%20(3).jpg: 2021-06-29T12:29:15+05:30 
http://localhost:8080/images/person%20(4).jpg: 2021-06-29T12:29:15+05:30 
http://localhost:8080/home: 2021-06-29T12:29:21+05:30 
http://localhost:8080/css/index.css: 2021-06-29T12:29:21+05:30 
http://localhost:8080/css/4'article_part.css: 2021-06-29T12:29:21+05:30 
http://localhost:8080/css/footer.css: 2021-06-29T12:29:21+05:30 
http://localhost:8080/css/index-card.css: 2021-06-29T12:29:21+05:30 
http://localhost:8080/css/mobile_nav.css: 2021-06-29T12:29:21+05:30 
http://localhost:8080/css/media_query.css: 2021-06-29T12:29:21+05:30 
http://localhost:8080/js/5'typewriter_style_text.js: 2021-06-29T12:29:21+05:30 
http://localhost:8080/images/fontimage.jpg: 2021-06-29T12:29:21+05:30 
http://localhost:8080/images/hamburger.jpg: 2021-06-29T12:29:21+05:30 
http://localhost:8080/images/logicbuild.jpg: 2021-06-29T12:29:21+05:30 
http://localhost:8080/images/Opensource.png: 2021-06-29T12:29:21+05:30 
http://localhost:8080/images/opensuse.png: 2021-06-29T12:29:21+05:30 
http://localhost:8080/images/opntec.png: 2021-06-29T12:29:21+05:30 
http://localhost:8080/images/Oracle.png: 2021-06-29T12:29:21+05:30 
http://localhost:8080/images/person%20(1).jpg: 2021-06-29T12:29:21+05:30 
http://localhost:8080/images/person%20(2).jpg: 2021-06-29T12:29:21+05:30 
http://localhost:8080/images/person%20(3).jpg: 2021-06-29T12:29:21+05:30 
http://localhost:8080/images/person%20(4).jpg: 2021-06-29T12:29:21+05:30 
http://localhost:8080/: 2021-06-29T12:29:24+05:30 
http://localhost:8080/css/index.css: 2021-06-29T12:29:24+05:30 
http://localhost:8080/css/4'article_part.css: 2021-06-29T12:29:24+05:30 
http://localhost:8080/css/index-card.css: 2021-06-29T12:29:24+05:30 
http://localhost:8080/css/footer.css: 2021-06-29T12:29:24+05:30 
http://localhost:8080/css/mobile_nav.css: 2021-06-29T12:29:24+05:30 
http://localhost:8080/css/media_query.css: 2021-06-29T12:29:24+05:30 
http://localhost:8080/js/5'typewriter_style_text.js: 2021-06-29T12:29:24+05:30 
http://localhost:8080/images/fontimage.jpg: 2021-06-29T12:29:24+05:30 
http://localhost:8080/images/hamburger.jpg: 2021-06-29T12:29:24+05:30 
http://localhost:8080/images/logicbuild.jpg: 2021-06-29T12:29:24+05:30 
http://localhost:8080/images/Opensource.png: 2021-06-29T12:29:24+05:30 
http://localhost:8080/images/opensuse.png: 2021-06-29T12:29:24+05:30 
http://localhost:8080/images/opntec.png: 2021-06-29T12:29:24+05:30 
http://localhost:8080/images/Oracle.png: 2021-06-29T12:29:24+05:30 
http://localhost:8080/images/person%20(1).jpg: 2021-06-29T12:29:24+05:30 
http://localhost:8080/images/person%20(2).jpg: 2021-06-29T12:29:24+05:30 
http://localhost:8080/images/person%20(3).jpg: 2021-06-29T12:29:24+05:30 
http://localhost:8080/images/person%20(4).jpg: 2021-06-29T12:29:24+05:30 
http://localhost:8080/database/data: 2021-06-29T12:29:30+05:30 
http://localhost:8080/database/data/50: 2021-06-29T12:29:37+05:30 
http://localhost:8080/database/typicode/100: 2021-06-29T12:33:10+05:30 
http://localhost:8080/database/data/100: 2021-06-29T12:33:37+05:30 
http://localhost:8080/: 2021-06-29T12:36:27+05:30 
http://localhost:8080/database/data: 2021-06-29T12:36:43+05:30 
http://localhost:8080/database/data/54: 2021-06-29T12:37:02+05:30 
http://localhost:8080/database/data/540: 2021-06-29T12:37:05+05:30 
http://localhost:8080/: 2021-06-29T12:37:21+05:30 
http://localhost:8080/home: 2021-06-29T12:37:29+05:30 
http://localhost:8080/database/data/100: 2021-06-29T17:13:19+05:30 
http://localhost:8080/database/data/100: 2021-06-29T17:13:20+05:30 
http://localhost:8080/database/data/100: 2021-06-29T17:13:21+05:30 
http://localhost:8080/database/data/100: 2021-06-29T17:13:21+05:30 
http://localhost:8080/database/data/100: 2021-06-29T17:13:21+05:30 
http://localhost:8080/database/data/100: 2021-06-29T17:13:21+05:30 
http://localhost:8080/database/data/100: 2021-06-29T17:13:21+05:30 
http://localhost:8080/home: 2021-06-29T17:13:24+05:30 
http://localhost:8080/css/index.css: 2021-06-29T17:13:24+05:30 
http://localhost:8080/css/4'article_part.css: 2021-06-29T17:13:24+05:30 
http://localhost:8080/css/index-card.css: 2021-06-29T17:13:24+05:30 
http://localhost:8080/css/footer.css: 2021-06-29T17:13:24+05:30 
http://localhost:8080/css/mobile_nav.css: 2021-06-29T17:13:24+05:30 
http://localhost:8080/css/media_query.css: 2021-06-29T17:13:24+05:30 
http://localhost:8080/js/5'typewriter_style_text.js: 2021-06-29T17:13:24+05:30 
http://localhost:8080/images/fontimage.jpg: 2021-06-29T17:13:24+05:30 
http://localhost:8080/images/hamburger.jpg: 2021-06-29T17:13:24+05:30 
http://localhost:8080/images/logicbuild.jpg: 2021-06-29T17:13:24+05:30 
http://localhost:8080/images/Opensource.png: 2021-06-29T17:13:24+05:30 
http://localhost:8080/images/opensuse.png: 2021-06-29T17:13:24+05:30 
http://localhost:8080/images/opntec.png: 2021-06-29T17:13:24+05:30 
http://localhost:8080/images/Oracle.png: 2021-06-29T17:13:24+05:30 
http://localhost:8080/images/person%20(1).jpg: 2021-06-29T17:13:24+05:30 
http://localhost:8080/images/person%20(2).jpg: 2021-06-29T17:13:24+05:30 
http://localhost:8080/images/person%20(3).jpg: 2021-06-29T17:13:24+05:30 
http://localhost:8080/images/person%20(4).jpg: 2021-06-29T17:13:24+05:30 
http://localhost:8080/images/background.jpg: 2021-06-29T17:13:24+05:30 
http://localhost:8080/database/data: 2021-06-29T18:08:46+05:30 
http://localhost:8080/database/data: 2021-06-29T18:11:50+05:30 
http://localhost:8080/database/data: 2021-06-29T18:16:39+05:30 
http://localhost:8080/database/data: 2021-06-29T18:17:36+05:30 
http://localhost:8080/database/data: 2021-06-29T18:18:29+05:30 
http://localhost:8080/database/data: 2021-06-29T18:19:13+05:30 
http://localhost:8080/database/data: 2021-06-29T18:20:46+05:30 
http://localhost:8080/database/data: 2021-06-29T22:44:21+05:30 
http://localhost:8080/database/data: 2021-06-29T22:47:49+05:30 
http://localhost:8080/database/data: 2021-06-29T22:50:40+05:30 
http://localhost:8080/database/data: 2021-06-29T22:53:15+05:30 
http://localhost:8080/database/data: 2021-06-29T22:54:41+05:30 
http://localhost:8080/database/data: 2021-06-29T23:22:46+05:30 
http://localhost:8080/database/data: 2021-06-29T23:23:15+05:30 
http://localhost:8080/database/data: 2021-06-29T23:23:48+05:30 
http://localhost:8080/database/data: 2021-06-29T23:25:12+05:30 
http://localhost:8080/database/data: 2021-06-29T23:26:31+05:30 
http://localhost:8080/database/data: 2021-06-29T23:27:35+05:30 
http://localhost:8080/database/data: 2021-06-30T11:09:19+05:30 
http://localhost:8080/database/data/3: 2021-06-30T11:09:43+05:30 
http://localhost:8080/database/data/3: 2021-06-30T11:10:37+05:30 
http://localhost:8080/database/data/3: 2021-06-30T11:10:54+05:30 
http://localhost:8080/database/data/3: 2021-06-30T11:12:36+05:30 
http://localhost:8080/database/data/3: 2021-06-30T11:18:54+05:30 
http://localhost:8080/database/data/: 2021-06-30T11:19:37+05:30 
http://localhost:8080/database/data/: 2021-06-30T11:24:00+05:30 
http://localhost:8080/database/data/: 2021-06-30T11:24:14+05:30 
http://localhost:8080/database/data/3: 2021-06-30T11:24:24+05:30 
http://localhost:8080/database/data/: 2021-06-30T11:24:34+05:30 
http://localhost:8080/database/data/: 2021-06-30T11:25:18+05:30 
http://localhost:8080/database/data/4: 2021-06-30T11:26:35+05:30 
http://localhost:8080/database/data/4: 2021-06-30T11:32:46+05:30 
http://localhost:8080/database/data/: 2021-06-30T11:32:59+05:30 
http://localhost:8080/database/data/3: 2021-06-30T11:34:12+05:30 
http://localhost:8080/database/data/3: 2021-06-30T11:34:30+05:30 
http://localhost:8080/database/data/: 2021-06-30T11:34:50+05:30 
http://localhost:8080/database/data/4: 2021-06-30T11:36:22+05:30 
http://localhost:8080/database/data/4: 2021-06-30T11:36:56+05:30 
http://localhost:8080/database/data/: 2021-06-30T11:37:04+05:30 
http://localhost:8080/database/data/3: 2021-06-30T11:47:51+05:30 
http://localhost:8080/database/data/3: 2021-06-30T12:07:29+05:30 
http://localhost:8080/database/data/3: 2021-06-30T12:10:00+05:30 
http://localhost:8080/database/data/: 2021-06-30T12:10:21+05:30 
http://localhost:8080/database/data/: 2021-06-30T12:11:08+05:30 
http://localhost:8080/database/data/4: 2021-06-30T12:11:20+05:30 
http://localhost:8080/database/data/: 2021-06-30T12:11:41+05:30 
http://localhost:8080/database/data/6: 2021-06-30T12:12:02+05:30 
http://localhost:8080/database/data/6: 2021-06-30T12:12:51+05:30 
http://localhost:8080/database/data/: 2021-06-30T12:12:56+05:30 
http://localhost:8080/database/data/: 2021-06-30T12:14:30+05:30 
http://localhost:8080/database/data/5: 2021-06-30T12:14:37+05:30 
http://localhost:8080/database/data/5: 2021-06-30T12:14:57+05:30 
http://localhost:8080/database/data/: 2021-06-30T12:15:20+05:30 
http://localhost:8080/database/data/3: 2021-06-30T12:15:38+05:30 
http://localhost:8080/database/data/5: 2021-06-30T12:16:05+05:30 
http://localhost:8080/database/data/5: 2021-06-30T12:16:31+05:30 
http://localhost:8080/database/data/5: 2021-06-30T12:16:47+05:30 
http://localhost:8080/database/data/5: 2021-06-30T12:24:40+05:30 
http://localhost:8080/database/data/: 2021-06-30T12:25:04+05:30 
http://localhost:8080/database/data/: 2021-06-30T12:26:01+05:30 
http://localhost:8080/database/data/: 2021-06-30T12:30:53+05:30 
http://localhost:8080/database/data/: 2021-06-30T12:31:15+05:30 
http://localhost:8080/database/data/: 2021-06-30T12:31:25+05:30 
http://localhost:8080/database/data/: 2021-06-30T12:31:31+05:30 
http://localhost:8080/database/data/: 2021-06-30T12:31:59+05:30 
http://localhost:8080/database/data/: 2021-06-30T12:32:33+05:30 
http://localhost:8080/database/data/: 2021-06-30T12:33:17+05:30 
http://localhost:8080/database/data/: 2021-06-30T12:33:29+05:30 
http://localhost:8080/database/data/: 2021-06-30T12:33:40+05:30 
http://localhost:8080/database/data/: 2021-06-30T12:33:49+05:30 
http://localhost:8080/database/data/: 2021-06-30T12:33:55+05:30 
http://localhost:8080/database/data/: 2021-06-30T12:34:50+05:30 
http://localhost:8080/database/data/8: 2021-06-30T12:35:24+05:30 
http://localhost:8080/database/data/7: 2021-06-30T12:35:40+05:30 
http://localhost:8080/database/data/: 2021-06-30T12:39:53+05:30 
http://localhost:8080/database/data/: 2021-06-30T12:40:32+05:30 
http://localhost:8080/database/data/: 2021-06-30T12:40:37+05:30 
http://localhost:8080/database/data/7: 2021-06-30T12:41:05+05:30 
http://localhost:8080/database/data/7: 2021-06-30T12:41:29+05:30 
http://localhost:8080/database/data/6: 2021-06-30T12:41:34+05:30 
http://localhost:8080/database/data/6: 2021-06-30T12:43:24+05:30 
http://localhost:8080/database/data/: 2021-06-30T12:43:34+05:30 
http://localhost:8080/database/data/7: 2021-06-30T12:43:45+05:30 
http://localhost:8080/database/data/6: 2021-06-30T12:43:49+05:30 
http://localhost:8080/database/data/: 2021-06-30T12:43:56+05:30 
http://localhost:8080/database/data/: 2021-06-30T12:53:22+05:30 
http://localhost:8080/database/data/: 2021-06-30T12:53:34+05:30 
http://localhost:8080/database/data/: 2021-06-30T12:53:40+05:30 
http://localhost:8080/database/data/6: 2021-06-30T12:53:50+05:30 
http://localhost:8080/database/data/6: 2021-06-30T13:03:15+05:30 
http://localhost:8080/database/data/: 2021-06-30T13:03:19+05:30 
http://localhost:8080/database/data/: 2021-06-30T13:03:28+05:30 
http://localhost:8080/database/data/: 2021-06-30T13:03:42+05:30 
http://localhost:8080/database/data/6: 2021-06-30T13:03:51+05:30 
http://localhost:8080/database/data/: 2021-06-30T13:03:58+05:30 
http://localhost:8080/database/data/6: 2021-06-30T13:04:08+05:30 
http://localhost:8080/database/data/6: 2021-06-30T13:04:30+05:30 
http://localhost:8080/database/data/3: 2021-06-30T13:04:35+05:30 
http://localhost:8080/database/data/3: 2021-06-30T13:04:41+05:30 
http://localhost:8080/database/data/: 2021-06-30T13:13:20+05:30 
http://localhost:8080/database/data/: 2021-06-30T13:13:43+05:30 
http://localhost:8080/database/data/: 2021-06-30T13:13:50+05:30 
http://localhost:8080/database/data/6: 2021-06-30T13:21:17+05:30 
http://localhost:8080/database/data/3: 2021-06-30T13:21:36+05:30 
http://localhost:8080/database/data/: 2021-06-30T13:21:54+05:30 
http://localhost:8080/database/data/: 2021-06-30T13:22:11+05:30 
http://localhost:8080/database/data/6: 2021-06-30T13:22:30+05:30 
http://localhost:8080/database/data/: 2021-06-30T13:22:42+05:30 
http://localhost:8080/database/data/: 2021-06-30T13:22:47+05:30 
http://localhost:8080/: 2021-06-30T21:18:06+05:30 
http://localhost:8080/css/index.css: 2021-06-30T21:18:06+05:30 
http://localhost:8080/css/4'article_part.css: 2021-06-30T21:18:06+05:30 
http://localhost:8080/css/index-card.css: 2021-06-30T21:18:06+05:30 
http://localhost:8080/css/mobile_nav.css: 2021-06-30T21:18:06+05:30 
http://localhost:8080/css/media_query.css: 2021-06-30T21:18:06+05:30 
http://localhost:8080/css/footer.css: 2021-06-30T21:18:06+05:30 
http://localhost:8080/js/5'typewriter_style_text.js: 2021-06-30T21:18:06+05:30 
http://localhost:8080/images/fontimage.jpg: 2021-06-30T21:18:06+05:30 
http://localhost:8080/images/hamburger.jpg: 2021-06-30T21:18:06+05:30 
http://localhost:8080/images/logicbuild.jpg: 2021-06-30T21:18:06+05:30 
http://localhost:8080/images/Opensource.png: 2021-06-30T21:18:06+05:30 
http://localhost:8080/images/opensuse.png: 2021-06-30T21:18:06+05:30 
http://localhost:8080/images/opntec.png: 2021-06-30T21:18:06+05:30 
http://localhost:8080/images/Oracle.png: 2021-06-30T21:18:06+05:30 
http://localhost:8080/images/person%20(1).jpg: 2021-06-30T21:18:06+05:30 
http://localhost:8080/images/person%20(2).jpg: 2021-06-30T21:18:06+05:30 
http://localhost:8080/images/person%20(3).jpg: 2021-06-30T21:18:06+05:30 
http://localhost:8080/images/person%20(4).jpg: 2021-06-30T21:18:06+05:30 
http://localhost:8080/images/background.jpg: 2021-06-30T21:18:07+05:30 
http://localhost:8080/favicon.ico: 2021-06-30T21:18:08+05:30 
http://localhost:8080/database/data/: 2021-06-30T21:18:29+05:30 
http://localhost:8080/database/data/1: 2021-06-30T21:18:40+05:30 
http://localhost:8080/database/data/: 2021-06-30T21:45:48+05:30 
http://localhost:8080/database/data/: 2021-06-30T21:45:56+05:30 
http://localhost:8080/database/data/1: 2021-06-30T21:46:04+05:30 
http://localhost:8080/database/data/2: 2021-06-30T21:46:09+05:30 
http://localhost:8080/database/data/3: 2021-06-30T21:46:15+05:30 
http://localhost:8080/database/data/: 2021-06-30T21:47:22+05:30 
http://localhost:8080/database/data/: 2021-06-30T21:48:25+05:30 
http://localhost:8080/database/data/: 2021-06-30T21:53:45+05:30 
http://localhost:8080/database/data/5: 2021-06-30T21:56:40+05:30 
http://localhost:8080/database/data/4: 2021-06-30T21:56:50+05:30 
http://localhost:8080/database/data/: 2021-06-30T21:57:42+05:30 
http://localhost:8080/database/data/: 2021-06-30T21:57:49+05:30 
http://localhost:8080/database/data/6: 2021-06-30T21:58:04+05:30 
http://localhost:8080/database/data/6: 2021-06-30T21:58:37+05:30 
http://localhost:8080/database/data/: 2021-06-30T21:59:22+05:30 
http://localhost:8080/database/data/5: 2021-06-30T22:00:14+05:30 
http://localhost:8080/database/data/5: 2021-06-30T22:03:03+05:30 
http://localhost:8080/database/data/6: 2021-06-30T22:03:13+05:30 
http://localhost:8080/database/data/7: 2021-06-30T22:03:24+05:30 
http://localhost:8080/database/data/: 2021-06-30T22:03:36+05:30 
http://localhost:8080/database/data/: 2021-06-30T22:04:10+05:30 
http://localhost:8080/database/data/: 2021-06-30T22:04:22+05:30 
http://localhost:8080/database/data/: 2021-06-30T22:05:10+05:30 
http://localhost:8080/database/data/: 2021-06-30T22:05:41+05:30 
http://localhost:8080/database/data/: 2021-06-30T22:05:47+05:30 
http://localhost:8080/database/data/: 2021-06-30T22:06:21+05:30 
http://localhost:8080/database/data/5: 2021-06-30T22:06:28+05:30 
http://localhost:8080/database/data/: 2021-06-30T22:06:40+05:30 
http://localhost:8080/database/data/: 2021-06-30T22:07:18+05:30 
http://localhost:8080/database/data/4: 2021-06-30T22:07:24+05:30 
http://localhost:8080/database/data/: 2021-06-30T22:07:34+05:30 
http://localhost:8080/database/data/3: 2021-06-30T22:08:11+05:30 
http://localhost:8080/database/data/: 2021-06-30T22:08:18+05:30 
http://localhost:8080/database/data/2: 2021-06-30T22:09:13+05:30 
http://localhost:8080/database/data/: 2021-06-30T22:09:19+05:30 
http://localhost:8080/database/data/1: 2021-06-30T22:09:43+05:30 
http://localhost:8080/database/data/1: 2021-06-30T22:09:49+05:30 
http://localhost:8080/database/data/: 2021-06-30T22:09:53+05:30 
http://localhost:8080/database/data/: 2021-06-30T22:37:57+05:30 
http://localhost:8080/database/data/2: 2021-06-30T22:38:23+05:30 
http://localhost:8080/database/data/: 2021-06-30T22:41:57+05:30 
http://localhost:8080/database/data/7: 2021-06-30T22:43:57+05:30 
http://localhost:8080/database/data/7: 2021-06-30T22:45:24+05:30 
http://localhost:8080/database/data/: 2021-06-30T22:45:28+05:30 
http://localhost:8080/database/data/: 2021-06-30T22:59:29+05:30 
http://localhost:8080/database/data/6: 2021-06-30T23:00:01+05:30 
http://localhost:8080/database/data/2: 2021-06-30T23:00:25+05:30 
http://localhost:8080/database/data/2: 2021-06-30T23:01:10+05:30 
http://localhost:8080/database/data/3: 2021-06-30T23:01:21+05:30 
http://localhost:8080/: 2021-06-30T23:03:53+05:30 
http://localhost:8080/css/index.css: 2021-06-30T23:03:53+05:30 
http://localhost:8080/css/4'article_part.css: 2021-06-30T23:03:53+05:30 
http://localhost:8080/css/index-card.css: 2021-06-30T23:03:53+05:30 
http://localhost:8080/css/footer.css: 2021-06-30T23:03:53+05:30 
http://localhost:8080/css/mobile_nav.css: 2021-06-30T23:03:53+05:30 
http://localhost:8080/css/media_query.css: 2021-06-30T23:03:53+05:30 
http://localhost:8080/js/5'typewriter_style_text.js: 2021-06-30T23:03:53+05:30 
http://localhost:8080/images/fontimage.jpg: 2021-06-30T23:03:53+05:30 
http://localhost:8080/images/hamburger.jpg: 2021-06-30T23:03:53+05:30 
http://localhost:8080/images/logicbuild.jpg: 2021-06-30T23:03:53+05:30 
http://localhost:8080/images/Opensource.png: 2021-06-30T23:03:53+05:30 
http://localhost:8080/images/opensuse.png: 2021-06-30T23:03:53+05:30 
http://localhost:8080/images/opntec.png: 2021-06-30T23:03:53+05:30 
http://localhost:8080/images/Oracle.png: 2021-06-30T23:03:53+05:30 
http://localhost:8080/images/person%20(1).jpg: 2021-06-30T23:03:53+05:30 
http://localhost:8080/images/person%20(2).jpg: 2021-06-30T23:03:53+05:30 
http://localhost:8080/images/person%20(3).jpg: 2021-06-30T23:03:53+05:30 
http://localhost:8080/images/person%20(4).jpg: 2021-06-30T23:03:53+05:30 
http://localhost:8080/images/background.jpg: 2021-06-30T23:03:53+05:30 
http://localhost:8080/home: 2021-06-30T23:04:03+05:30 
http://localhost:8080/css/index.css: 2021-06-30T23:04:03+05:30 
http://localhost:8080/css/4'article_part.css: 2021-06-30T23:04:03+05:30 
http://localhost:8080/css/index-card.css: 2021-06-30T23:04:03+05:30 
http://localhost:8080/css/footer.css: 2021-06-30T23:04:03+05:30 
http://localhost:8080/css/mobile_nav.css: 2021-06-30T23:04:03+05:30 
http://localhost:8080/css/media_query.css: 2021-06-30T23:04:03+05:30 
http://localhost:8080/js/5'typewriter_style_text.js: 2021-06-30T23:04:03+05:30 
http://localhost:8080/images/fontimage.jpg: 2021-06-30T23:04:03+05:30 
http://localhost:8080/images/hamburger.jpg: 2021-06-30T23:04:03+05:30 
http://localhost:8080/images/logicbuild.jpg: 2021-06-30T23:04:03+05:30 
http://localhost:8080/images/Opensource.png: 2021-06-30T23:04:03+05:30 
http://localhost:8080/images/opensuse.png: 2021-06-30T23:04:03+05:30 
http://localhost:8080/images/opntec.png: 2021-06-30T23:04:03+05:30 
http://localhost:8080/images/Oracle.png: 2021-06-30T23:04:03+05:30 
http://localhost:8080/images/person%20(1).jpg: 2021-06-30T23:04:03+05:30 
http://localhost:8080/images/person%20(2).jpg: 2021-06-30T23:04:03+05:30 
http://localhost:8080/images/person%20(3).jpg: 2021-06-30T23:04:03+05:30 
http://localhost:8080/images/person%20(4).jpg: 2021-06-30T23:04:03+05:30 
http://localhost:8080/js/5'typewriter_style_text.js: 2021-06-30T23:04:04+05:30 
http://localhost:8080/images/fontimage.jpg: 2021-06-30T23:04:04+05:30 
http://localhost:8080/images/hamburger.jpg: 2021-06-30T23:04:04+05:30 
http://localhost:8080/images/logicbuild.jpg: 2021-06-30T23:04:04+05:30 
http://localhost:8080/images/Opensource.png: 2021-06-30T23:04:04+05:30 
http://localhost:8080/images/opensuse.png: 2021-06-30T23:04:04+05:30 
http://localhost:8080/images/opntec.png: 2021-06-30T23:04:04+05:30 
http://localhost:8080/images/Oracle.png: 2021-06-30T23:04:04+05:30 
http://localhost:8080/images/person%20(1).jpg: 2021-06-30T23:04:04+05:30 
http://localhost:8080/images/person%20(2).jpg: 2021-06-30T23:04:04+05:30 
http://localhost:8080/images/person%20(3).jpg: 2021-06-30T23:04:04+05:30 
http://localhost:8080/images/background.jpg: 2021-06-30T23:04:04+05:30 
http://localhost:8080/images/person%20(4).jpg: 2021-06-30T23:04:04+05:30 
http://localhost:8080/database/data: 2021-06-30T23:04:18+05:30 
http://localhost:8080/database/data/5: 2021-06-30T23:04:31+05:30 
http://localhost:8080/database/data/3: 2021-06-30T23:05:22+05:30 
http://localhost:8080/database/data/3: 2021-06-30T23:05:28+05:30 
